<?xml version="1.0" encoding="UTF-8"?>
<!-- Generated by org.testng.reporters.JUnitReportReporter -->
<testsuite hostname="LAPTOP-ULD5OS12" failures="0" tests="2" name="seliniumtesting.test1" time="14.701" errors="0" timestamp="2022-10-28T10:07:35 IST" skipped="0">
  <testcase classname="seliniumtesting.test1" name="testing" time="8.886"/>
  <system-out/>
  <testcase classname="seliniumtesting.test1" name="customersignin" time="5.815"/>
  <system-out/>
</testsuite> <!-- seliniumtesting.test1 -->
